<?xml version="1.0" encoding="UTF-8"?>
<!-- Generated by org.testng.reporters.JUnitReportReporter -->
<testsuite hostname="LAPTOP-QUOMNJ5A" failures="0" tests="1" name="com.TestRunner.VtigerTest" time="0.140" errors="0" timestamp="2022-08-15T13:49:11 IST" skipped="0">
  <testcase classname="com.TestRunner.VtigerTest" name="runScenario" time="0.140"/>
  <system-out/>
</testsuite> <!-- com.TestRunner.VtigerTest -->
